[debug] [2020-10-06T19:14:17.095Z] ----------------------------------------------------------------------
[debug] [2020-10-06T19:14:17.097Z] Command:       C:\Program Files\nodejs\node.exe C:\Users\aml5cer\AppData\Roaming\npm\node_modules\firebase-tools\lib\bin\firebase.js login
[debug] [2020-10-06T19:14:17.097Z] CLI Version:   8.12.0
[debug] [2020-10-06T19:14:17.097Z] Platform:      win32
[debug] [2020-10-06T19:14:17.097Z] Node Version:  v12.18.4
[debug] [2020-10-06T19:14:17.099Z] Time:          Tue Oct 06 2020 21:14:17 GMT+0200 (GMT+02:00)
[debug] [2020-10-06T19:14:17.099Z] ----------------------------------------------------------------------
[debug] [2020-10-06T19:14:17.099Z] 
[info] i  Firebase optionally collects CLI usage and error reporting information to help improve our products. Data is collected in accordance with Google's privacy policy (https://policies.google.com/privacy) and is not used to identify you.
 
[info] i  To change your data collection preference at any time, run `firebase logout` and log in again. 
[info] 
[info] Visit this URL on this device to log in:
[info] https://accounts.google.com/o/oauth2/auth?client_id=563584335869-fgrhgmd47bqnekij5i8b5pr03ho849e6.apps.googleusercontent.com&scope=email%20openid%20https%3A%2F%2Fwww.googleapis.com%2Fauth%2Fcloudplatformprojects.readonly%20https%3A%2F%2Fwww.googleapis.com%2Fauth%2Ffirebase%20https%3A%2F%2Fwww.googleapis.com%2Fauth%2Fcloud-platform&response_type=code&state=537063524&redirect_uri=http%3A%2F%2Flocalhost%3A9005
[info] 
[info] Waiting for authentication...
[debug] [2020-10-06T19:14:31.456Z] >>> HTTP REQUEST POST https://accounts.google.com/o/oauth2/token  
 {"code":"4/5AETa9Vz3Od8ovvBtfDkxw0XWe1RgviMPMqH1bGNCJgNGgzqrHe9a7BHLhQd8V2nJpBIN5Vg8V5IVL0MR8WEQ1M","client_id":"563584335869-fgrhgmd47bqnekij5i8b5pr03ho849e6.apps.googleusercontent.com","client_secret":"j9iVZfS8kkCEFUPaAeJV0sAi","redirect_uri":"http://localhost:9005","grant_type":"authorization_code"}
[debug] [2020-10-06T19:14:31.493Z] Token Fetch Error: FirebaseError: Server Error. getaddrinfo ENOTFOUND accounts.google.com
    at Request._callback (C:\Users\aml5cer\AppData\Roaming\npm\node_modules\firebase-tools\lib\api.js:32:31)
    at self.callback (C:\Users\aml5cer\AppData\Roaming\npm\node_modules\firebase-tools\node_modules\request\request.js:185:22)
    at Request.emit (events.js:315:20)
    at Request.EventEmitter.emit (domain.js:483:12)
    at Request.onRequestError (C:\Users\aml5cer\AppData\Roaming\npm\node_modules\firebase-tools\node_modules\request\request.js:877:8)
    at ClientRequest.emit (events.js:315:20)
    at ClientRequest.EventEmitter.emit (domain.js:483:12)
    at TLSSocket.socketErrorListener (_http_client.js:426:9)
    at TLSSocket.emit (events.js:315:20)
    at TLSSocket.EventEmitter.emit (domain.js:483:12)
    at emitErrorNT (internal/streams/destroy.js:92:8)
    at emitErrorAndCloseNT (internal/streams/destroy.js:60:3)
    at processTicksAndRejections (internal/process/task_queues.js:84:21)
[debug] [2020-10-06T19:14:49.003Z] ----------------------------------------------------------------------
[debug] [2020-10-06T19:14:49.005Z] Command:       C:\Program Files\nodejs\node.exe C:\Users\aml5cer\AppData\Roaming\npm\node_modules\firebase-tools\lib\bin\firebase.js login
[debug] [2020-10-06T19:14:49.005Z] CLI Version:   8.12.0
[debug] [2020-10-06T19:14:49.005Z] Platform:      win32
[debug] [2020-10-06T19:14:49.005Z] Node Version:  v12.18.4
[debug] [2020-10-06T19:14:49.007Z] Time:          Tue Oct 06 2020 21:14:49 GMT+0200 (GMT+02:00)
[debug] [2020-10-06T19:14:49.007Z] ----------------------------------------------------------------------
[debug] [2020-10-06T19:14:49.007Z] 
[info] i  Firebase optionally collects CLI usage and error reporting information to help improve our products. Data is collected in accordance with Google's privacy policy (https://policies.google.com/privacy) and is not used to identify you.
 
[info] 
[info] Visit this URL on this device to log in:
[info] https://accounts.google.com/o/oauth2/auth?client_id=563584335869-fgrhgmd47bqnekij5i8b5pr03ho849e6.apps.googleusercontent.com&scope=email%20openid%20https%3A%2F%2Fwww.googleapis.com%2Fauth%2Fcloudplatformprojects.readonly%20https%3A%2F%2Fwww.googleapis.com%2Fauth%2Ffirebase%20https%3A%2F%2Fwww.googleapis.com%2Fauth%2Fcloud-platform&response_type=code&state=475571561&redirect_uri=http%3A%2F%2Flocalhost%3A9005
[info] 
[info] Waiting for authentication...
[debug] [2020-10-06T19:15:01.005Z] >>> HTTP REQUEST POST https://accounts.google.com/o/oauth2/token  
 {"code":"4/5AFqDcs7Tl295cBHvh9sr8fsx7wrwZvRP--3n-nACs5f6RD2Ayd-Zst5EHM_tef-6GgyoTZzqVPs8RNLvR-Avvc","client_id":"563584335869-fgrhgmd47bqnekij5i8b5pr03ho849e6.apps.googleusercontent.com","client_secret":"j9iVZfS8kkCEFUPaAeJV0sAi","redirect_uri":"http://localhost:9005","grant_type":"authorization_code"}
[debug] [2020-10-06T19:15:01.044Z] Token Fetch Error: FirebaseError: Server Error. getaddrinfo ENOTFOUND accounts.google.com
    at Request._callback (C:\Users\aml5cer\AppData\Roaming\npm\node_modules\firebase-tools\lib\api.js:32:31)
    at self.callback (C:\Users\aml5cer\AppData\Roaming\npm\node_modules\firebase-tools\node_modules\request\request.js:185:22)
    at Request.emit (events.js:315:20)
    at Request.EventEmitter.emit (domain.js:483:12)
    at Request.onRequestError (C:\Users\aml5cer\AppData\Roaming\npm\node_modules\firebase-tools\node_modules\request\request.js:877:8)
    at ClientRequest.emit (events.js:315:20)
    at ClientRequest.EventEmitter.emit (domain.js:483:12)
    at TLSSocket.socketErrorListener (_http_client.js:426:9)
    at TLSSocket.emit (events.js:315:20)
    at TLSSocket.EventEmitter.emit (domain.js:483:12)
    at emitErrorNT (internal/streams/destroy.js:92:8)
    at emitErrorAndCloseNT (internal/streams/destroy.js:60:3)
    at processTicksAndRejections (internal/process/task_queues.js:84:21)
